#
# A fatal error has been detected by the Java Runtime Environment:
#
#  SIGSEGV (0xb) at pc=0x0000000108e50358, pid=7988, tid=16899
#
# JRE version: Java(TM) SE Runtime Environment (8.0_91-b14) (build 1.8.0_91-b14)
# Java VM: Java HotSpot(TM) 64-Bit Server VM (25.91-b14 mixed mode bsd-amd64 compressed oops)
# Problematic frame:
# V  [libjvm.dylib+0x448358]  Method::checked_resolve_jmethod_id(_jmethodID*)+0xe
#
# Failed to write core dump. Core dumps have been disabled. To enable core dumping, try "ulimit -c unlimited" before starting Java again
#
# If you would like to submit a bug report, please visit:
#   http://bugreport.java.com/bugreport/crash.jsp
#

---------------  T H R E A D  ---------------

Current thread (0x00007fcbe2809000):  JavaThread "JDWP Transport Listener: dt_socket" daemon [_thread_in_vm, id=16899, stack(0x0000700000ab8000,0x0000700000bb8000)]

siginfo: si_signo: 11 (SIGSEGV), si_code: 0 (unknown), si_addr: 0x0000000000000000

Registers:
RAX=0x0000000000000001, RBX=0x0000700000bb7a8b, RCX=0x0000000109220340, RDX=0x0000700000bb7a8b
RSP=0x0000700000bb79d0, RBP=0x0000700000bb79e0, RSI=0x00007fcbe2809000, RDI=0x3b003b656c000002
R8 =0x0000000000000000, R9 =0x00007fcbe1d3f980, R10=0x0000000076aa1ec2, R11=0x00007fcbe1d00000
R12=0x00007fcbe2809000, R13=0x3b003b656c000002, R14=0x3b003b656c000002, R15=0x00007fcbe1f019d0
RIP=0x0000000108e50358, EFLAGS=0x0000000000010202, ERR=0x0000000000000000
  TRAPNO=0x000000000000000d

Top of Stack: (sp=0x0000700000bb79d0)
0x0000700000bb79d0:   0000700000bb7a8b 0000700000bb7a8b
0x0000700000bb79e0:   0000700000bb7a40 0000000108d5f316
0x0000700000bb79f0:   00007fcbe2809000 0000000000000000
0x0000700000bb7a00:   0000000000000000 0000000000000000
0x0000700000bb7a10:   00007fcbe2809000 00007fcbe2809000
0x0000700000bb7a20:   0000700000bb7a8b 0000700000bb7a90
0x0000700000bb7a30:   3b003b656c000002 0000000000000002
0x0000700000bb7a40:   0000700000bb7a60 0000000109a00780
0x0000700000bb7a50:   0000000000000001 0000700000bb7b08
0x0000700000bb7a60:   0000700000bb7ad0 00000001099e51f3
0x0000700000bb7a70:   0000700000bb7aa0 00007fcbe1d3c4c0
0x0000700000bb7a80:   0000000300000032 0000000900bb7b08
0x0000700000bb7a90:   0000000000000000 0000000000000000
0x0000700000bb7aa0:   0000000000000000 0000700000bb7c90
0x0000700000bb7ab0:   0000000109a07e7a 00007fcbe1f1a980
0x0000700000bb7ac0:   0000700000bb7b08 0000000109a13598
0x0000700000bb7ad0:   0000700000bb7ae0 00000001099e52ec
0x0000700000bb7ae0:   0000700000bb7d00 00000001099ee898
0x0000700000bb7af0:   0000544f00000013 00000000000f0200
0x0000700000bb7b00:   00007fcbe1f13020 0000700000bb7bc8
0x0000700000bb7b10:   00007fcb000000bc 0000700000bb7b20
0x0000700000bb7b20:   00007fcb00000070 0000700000bb7b58
0x0000700000bb7b30:   0000000000000000 0000000000000000
0x0000700000bb7b40:   0000544f0000001c 0000000000000080
0x0000700000bb7b50:   0000700000bb7b58 cb7f000003000000
0x0000700000bb7b60:   0d000000a0fae0e1 53746e49646e6966
0x0000700000bb7b70:   000000676e697274 2f6176616a4c2815
0x0000700000bb7b80:   7274532f676e616c 000056293b676e69
0x0000700000bb7b90:   00000a0000000000 000098fae0e1cb7f
0x0000700000bb7ba0:   00006e69616d0400 76616a4c5b281600
0x0000700000bb7bb0:   532f676e616c2f61 56293b676e697274
0x0000700000bb7bc0:   0900000000000000 646c726f57726574 

Instructions: (pc=0x0000000108e50358)
0x0000000108e50338:   40 48 48 85 c0 75 e0 30 c0 0f b6 c0 5d c3 31 c0
0x0000000108e50348:   5d c3 55 48 89 e5 53 48 83 ec 08 48 85 ff 74 24
0x0000000108e50358:   48 8b 1f 48 85 db 74 1c 48 83 fb 37 74 16 48 8b
0x0000000108e50368:   03 48 89 df ff 50 10 84 c0 b8 00 00 00 00 48 0f 

Register to memory mapping:

RAX=0x0000000000000001 is an unknown value
RBX=0x0000700000bb7a8b is pointing into the stack for thread: 0x00007fcbe2809000
RCX=0x0000000109220340: UseMembar+0 in /Library/Java/JavaVirtualMachines/jdk1.8.0_91.jdk/Contents/Home/jre/lib/server/libjvm.dylib at 0x0000000108a08000
RDX=0x0000700000bb7a8b is pointing into the stack for thread: 0x00007fcbe2809000
RSP=0x0000700000bb79d0 is pointing into the stack for thread: 0x00007fcbe2809000
RBP=0x0000700000bb79e0 is pointing into the stack for thread: 0x00007fcbe2809000
RSI=0x00007fcbe2809000 is a thread
RDI=0x3b003b656c000002 is an unknown value
R8 =0x0000000000000000 is an unknown value
R9 =0x00007fcbe1d3f980 is an unknown value
R10=0x0000000076aa1ec2 is an unknown value
R11=0x00007fcbe1d00000 is an unknown value
R12=0x00007fcbe2809000 is a thread
R13=0x3b003b656c000002 is an unknown value
R14=0x3b003b656c000002 is an unknown value
R15=0x00007fcbe1f019d0 is an unknown value


Stack: [0x0000700000ab8000,0x0000700000bb8000],  sp=0x0000700000bb79d0,  free space=1022k
Native frames: (J=compiled Java code, j=interpreted, Vv=VM code, C=native code)
V  [libjvm.dylib+0x448358]  Method::checked_resolve_jmethod_id(_jmethodID*)+0xe
V  [libjvm.dylib+0x357316]  jvmti_IsMethodSynthetic+0xb2
C  [libjdwp.dylib+0x20780]  isMethodSynthetic+0x63
C  [libjdwp.dylib+0x51f3]  methods1+0x10b
C  [libjdwp.dylib+0x52ec]  methodsWithGeneric+0xe
C  [libjdwp.dylib+0xe898]  debugLoop_run+0x1ce
C  [libjdwp.dylib+0x1f6ba]  attachThread+0x4d
V  [libjvm.dylib+0x39867c]  JvmtiAgentThread::call_start_function()+0x38
V  [libjvm.dylib+0x563d17]  JavaThread::thread_main_inner()+0x9b
V  [libjvm.dylib+0x565412]  JavaThread::run()+0x1c2
V  [libjvm.dylib+0x484f82]  java_start(Thread*)+0xf6
C  [libsystem_pthread.dylib+0x399d]  _pthread_body+0x83
C  [libsystem_pthread.dylib+0x391a]  _pthread_body+0x0
C  [libsystem_pthread.dylib+0x1351]  thread_start+0xd
C  0x0000000000000000


---------------  P R O C E S S  ---------------

Java Threads: ( => current thread )
  0x00007fcbe2012800 JavaThread "Service Thread" daemon [_thread_blocked, id=19971, stack(0x00007000010ca000,0x00007000011ca000)]
  0x00007fcbe381e000 JavaThread "C1 CompilerThread2" daemon [_thread_blocked, id=19459, stack(0x0000700000fc7000,0x00007000010c7000)]
  0x00007fcbe283f000 JavaThread "C2 CompilerThread1" daemon [_thread_blocked, id=18947, stack(0x0000700000ec4000,0x0000700000fc4000)]
  0x00007fcbe280a800 JavaThread "C2 CompilerThread0" daemon [_thread_blocked, id=18435, stack(0x0000700000dc1000,0x0000700000ec1000)]
  0x00007fcbe280a000 JavaThread "JDWP Command Reader" daemon [_thread_in_native, id=17923, stack(0x0000700000cbe000,0x0000700000dbe000)]
  0x00007fcbe2803000 JavaThread "JDWP Event Helper Thread" daemon [_thread_blocked, id=17411, stack(0x0000700000bbb000,0x0000700000cbb000)]
=>0x00007fcbe2809000 JavaThread "JDWP Transport Listener: dt_socket" daemon [_thread_in_vm, id=16899, stack(0x0000700000ab8000,0x0000700000bb8000)]
  0x00007fcbe3819800 JavaThread "Signal Dispatcher" daemon [_thread_blocked, id=13839, stack(0x00007000009b5000,0x0000700000ab5000)]
  0x00007fcbe3814800 JavaThread "Finalizer" daemon [_thread_blocked, id=11779, stack(0x000070000082f000,0x000070000092f000)]
  0x00007fcbe3800800 JavaThread "Reference Handler" daemon [_thread_blocked, id=11267, stack(0x000070000072c000,0x000070000082c000)]
  0x00007fcbe3802000 JavaThread "main" [_thread_in_native, id=4099, stack(0x0000700000084000,0x0000700000184000)]

Other Threads:
  0x00007fcbe304b000 VMThread [stack: 0x0000700000629000,0x0000700000729000] [id=10755]
  0x00007fcbe381c000 WatcherThread [stack: 0x00007000011cd000,0x00007000012cd000] [id=20483]

VM state:not at safepoint (normal execution)

VM Mutex/Monitor currently owned by a thread: None

Heap:
 PSYoungGen      total 38400K, used 2662K [0x0000000795580000, 0x0000000798000000, 0x00000007c0000000)
  eden space 33280K, 8% used [0x0000000795580000,0x00000007958199f8,0x0000000797600000)
  from space 5120K, 0% used [0x0000000797b00000,0x0000000797b00000,0x0000000798000000)
  to   space 5120K, 0% used [0x0000000797600000,0x0000000797600000,0x0000000797b00000)
 ParOldGen       total 87552K, used 0K [0x0000000740000000, 0x0000000745580000, 0x0000000795580000)
  object space 87552K, 0% used [0x0000000740000000,0x0000000740000000,0x0000000745580000)
 Metaspace       used 3408K, capacity 4600K, committed 4864K, reserved 1056768K
  class space    used 386K, capacity 424K, committed 512K, reserved 1048576K

Card table byte_map: [0x00000001197c0000,0x0000000119bc1000] byte_map_base: 0x0000000115dc0000

Marking Bits: (ParMarkBitMap*) 0x00000001092eeeb0
 Begin Bits: [0x0000000119e6c000, 0x000000011be6c000)
 End Bits:   [0x000000011be6c000, 0x000000011de6c000)

Polling page: 0x00000001099df000

CodeCache: size=245760Kb used=1162Kb max_used=1162Kb free=244597Kb
 bounds [0x000000010a400000, 0x000000010a670000, 0x0000000119400000]
 total_blobs=293 nmethods=58 adapters=157
 compilation: enabled

Compilation events (10 events):
Event: 0.284 Thread 0x00007fcbe381e000   52       1       java.net.URL::getPath (5 bytes)
Event: 0.284 Thread 0x00007fcbe381e000 nmethod 52 0x000000010a520c10 code [0x000000010a520d60, 0x000000010a520e70]
Event: 0.284 Thread 0x00007fcbe381e000   53       1       java.net.URL::getAuthority (5 bytes)
Event: 0.284 Thread 0x00007fcbe381e000 nmethod 53 0x000000010a520ed0 code [0x000000010a521020, 0x000000010a521130]
Event: 0.284 Thread 0x00007fcbe381e000   54       3       java.lang.StringBuilder::toString (17 bytes)
Event: 0.284 Thread 0x00007fcbe381e000 nmethod 54 0x000000010a521190 code [0x000000010a521300, 0x000000010a521508]
Event: 0.285 Thread 0x00007fcbe381e000   56       3       java.lang.StringBuilder::<init> (7 bytes)
Event: 0.285 Thread 0x00007fcbe381e000 nmethod 56 0x000000010a521f90 code [0x000000010a522100, 0x000000010a5223b0]
Event: 0.285 Thread 0x00007fcbe381e000   57       1       java.net.URL::getHost (5 bytes)
Event: 0.286 Thread 0x00007fcbe381e000 nmethod 57 0x000000010a5224d0 code [0x000000010a522620, 0x000000010a522730]

GC Heap History (0 events):
No events

Deoptimization events (0 events):
No events

Internal exceptions (6 events):
Event: 0.041 Thread 0x00007fcbe3802000 Exception <a 'java/lang/NoSuchMethodError': Method sun.misc.Unsafe.defineClass(Ljava/lang/String;[BII)Ljava/lang/Class; name or signature does not match> (0x0000000795587cc0) thrown at [/Users/java_re/workspace/8-2-build-macosx-x86_64/jdk8u91/6644/hotspot
Event: 0.041 Thread 0x00007fcbe3802000 Exception <a 'java/lang/NoSuchMethodError': Method sun.misc.Unsafe.prefetchRead(Ljava/lang/Object;J)V name or signature does not match> (0x0000000795587fa8) thrown at [/Users/java_re/workspace/8-2-build-macosx-x86_64/jdk8u91/6644/hotspot/src/share/vm/prim
Event: 0.269 Thread 0x00007fcbe3802000 Exception <a 'java/security/PrivilegedActionException'> (0x000000079561c9b0) thrown at [/Users/java_re/workspace/8-2-build-macosx-x86_64/jdk8u91/6644/hotspot/src/share/vm/prims/jvm.cpp, line 1386]
Event: 0.269 Thread 0x00007fcbe3802000 Exception <a 'java/security/PrivilegedActionException'> (0x000000079561cda8) thrown at [/Users/java_re/workspace/8-2-build-macosx-x86_64/jdk8u91/6644/hotspot/src/share/vm/prims/jvm.cpp, line 1386]
Event: 0.270 Thread 0x00007fcbe3802000 Exception <a 'java/security/PrivilegedActionException'> (0x0000000795620230) thrown at [/Users/java_re/workspace/8-2-build-macosx-x86_64/jdk8u91/6644/hotspot/src/share/vm/prims/jvm.cpp, line 1386]
Event: 0.270 Thread 0x00007fcbe3802000 Exception <a 'java/security/PrivilegedActionException'> (0x0000000795620628) thrown at [/Users/java_re/workspace/8-2-build-macosx-x86_64/jdk8u91/6644/hotspot/src/share/vm/prims/jvm.cpp, line 1386]

Events (10 events):
Event: 0.287 loading class java/util/regex/Pattern$Dollar
Event: 0.287 loading class java/util/regex/Pattern$Dollar done
Event: 4.266 Executing VM operation: EnableBiasedLocking
Event: 4.266 Executing VM operation: EnableBiasedLocking done
Event: 4078.002 Executing VM operation: RedefineClasses
Event: 4078.004 Executing VM operation: RedefineClasses done
Event: 4078.010 Executing VM operation: ChangeBreakpoints
Event: 4078.010 Executing VM operation: ChangeBreakpoints done
Event: 4644.531 Executing VM operation: RedefineClasses
Event: 4644.532 Executing VM operation: RedefineClasses done


Dynamic libraries:
0x00000000037dc000 	/System/Library/Frameworks/Cocoa.framework/Versions/A/Cocoa
0x00000000037dc000 	/System/Library/Frameworks/Security.framework/Versions/A/Security
0x00000000037dc000 	/System/Library/Frameworks/ApplicationServices.framework/Versions/A/ApplicationServices
0x00000000037dc000 	/usr/lib/libz.1.dylib
0x00000000037dc000 	/usr/lib/libSystem.B.dylib
0x00000000037dc000 	/usr/lib/libobjc.A.dylib
0x00000000037dc000 	/System/Library/Frameworks/CoreFoundation.framework/Versions/A/CoreFoundation
0x00000000037dc000 	/System/Library/Frameworks/Foundation.framework/Versions/C/Foundation
0x00000000037dc000 	/System/Library/Frameworks/AppKit.framework/Versions/C/AppKit
0x00000000037dc000 	/System/Library/Frameworks/CoreData.framework/Versions/A/CoreData
0x00000000037dc000 	/System/Library/PrivateFrameworks/RemoteViewServices.framework/Versions/A/RemoteViewServices
0x00000000037dc000 	/System/Library/PrivateFrameworks/UIFoundation.framework/Versions/A/UIFoundation
0x00000000037dc000 	/usr/lib/libScreenReader.dylib
0x00000000037dc000 	/System/Library/Frameworks/Accelerate.framework/Versions/A/Accelerate
0x00000000037dc000 	/System/Library/Frameworks/IOSurface.framework/Versions/A/IOSurface
0x00000000037dc000 	/System/Library/Frameworks/AudioToolbox.framework/Versions/A/AudioToolbox
0x00000000037dc000 	/System/Library/Frameworks/AudioUnit.framework/Versions/A/AudioUnit
0x00000000037dc000 	/System/Library/PrivateFrameworks/DataDetectorsCore.framework/Versions/A/DataDetectorsCore
0x00000000037dc000 	/System/Library/PrivateFrameworks/DesktopServicesPriv.framework/Versions/A/DesktopServicesPriv
0x00000000037dc000 	/System/Library/Frameworks/Carbon.framework/Versions/A/Frameworks/HIToolbox.framework/Versions/A/HIToolbox
0x00000000037dc000 	/System/Library/Frameworks/QuartzCore.framework/Versions/A/QuartzCore
0x00000000037dc000 	/System/Library/Frameworks/Carbon.framework/Versions/A/Frameworks/SpeechRecognition.framework/Versions/A/SpeechRecognition
0x00000000037dc000 	/usr/lib/libauto.dylib
0x00000000037dc000 	/usr/lib/libicucore.A.dylib
0x00000000037dc000 	/usr/lib/libxml2.2.dylib
0x00000000037dc000 	/System/Library/PrivateFrameworks/CoreUI.framework/Versions/A/CoreUI
0x00000000037dc000 	/System/Library/Frameworks/CoreAudio.framework/Versions/A/CoreAudio
0x00000000037dc000 	/System/Library/Frameworks/DiskArbitration.framework/Versions/A/DiskArbitration
0x00000000037dc000 	/usr/lib/liblangid.dylib
0x00000000037dc000 	/System/Library/PrivateFrameworks/MultitouchSupport.framework/Versions/A/MultitouchSupport
0x00000000037dc000 	/System/Library/Frameworks/IOKit.framework/Versions/A/IOKit
0x00000000037dc000 	/usr/lib/libDiagnosticMessagesClient.dylib
0x00000000037dc000 	/System/Library/Frameworks/CoreServices.framework/Versions/A/CoreServices
0x00000000037dc000 	/System/Library/PrivateFrameworks/PerformanceAnalysis.framework/Versions/A/PerformanceAnalysis
0x00000000037dc000 	/System/Library/PrivateFrameworks/GenerationalStorage.framework/Versions/A/GenerationalStorage
0x00000000037dc000 	/System/Library/Frameworks/OpenGL.framework/Versions/A/OpenGL
0x00000000037dc000 	/System/Library/PrivateFrameworks/Sharing.framework/Versions/A/Sharing
0x00000000037dc000 	/System/Library/Frameworks/CoreGraphics.framework/Versions/A/CoreGraphics
0x00000000037dc000 	/System/Library/Frameworks/CoreImage.framework/Versions/A/CoreImage
0x00000000037dc000 	/System/Library/Frameworks/CoreText.framework/Versions/A/CoreText
0x00000000037dc000 	/System/Library/Frameworks/ImageIO.framework/Versions/A/ImageIO
0x00000000037dc000 	/System/Library/PrivateFrameworks/Backup.framework/Versions/A/Backup
0x00000000037dc000 	/usr/lib/libextension.dylib
0x00000000037dc000 	/usr/lib/libarchive.2.dylib
0x00000000037dc000 	/System/Library/Frameworks/CFNetwork.framework/Versions/A/CFNetwork
0x00000000037dc000 	/System/Library/Frameworks/SystemConfiguration.framework/Versions/A/SystemConfiguration
0x00000000037dc000 	/usr/lib/libCRFSuite.dylib
0x00000000037dc000 	/usr/lib/libc++.1.dylib
0x00000000037dc000 	/usr/lib/libc++abi.dylib
0x00000000037dc000 	/usr/lib/system/libcache.dylib
0x00000000037dc000 	/usr/lib/system/libcommonCrypto.dylib
0x00000000037dc000 	/usr/lib/system/libcompiler_rt.dylib
0x00000000037dc000 	/usr/lib/system/libcopyfile.dylib
0x00000000037dc000 	/usr/lib/system/libcorecrypto.dylib
0x00000000037dc000 	/usr/lib/system/libdispatch.dylib
0x00000000037dc000 	/usr/lib/system/libdyld.dylib
0x00000000037dc000 	/usr/lib/system/libkeymgr.dylib
0x00000000037dc000 	/usr/lib/system/liblaunch.dylib
0x00000000037dc000 	/usr/lib/system/libmacho.dylib
0x00000000037dc000 	/usr/lib/system/libquarantine.dylib
0x00000000037dc000 	/usr/lib/system/libremovefile.dylib
0x00000000037dc000 	/usr/lib/system/libsystem_asl.dylib
0x00000000037dc000 	/usr/lib/system/libsystem_blocks.dylib
0x00000000037dc000 	/usr/lib/system/libsystem_c.dylib
0x00000000037dc000 	/usr/lib/system/libsystem_configuration.dylib
0x00000000037dc000 	/usr/lib/system/libsystem_coreservices.dylib
0x00000000037dc000 	/usr/lib/system/libsystem_coretls.dylib
0x00000000037dc000 	/usr/lib/system/libsystem_dnssd.dylib
0x00000000037dc000 	/usr/lib/system/libsystem_info.dylib
0x00000000037dc000 	/usr/lib/system/libsystem_kernel.dylib
0x00000000037dc000 	/usr/lib/system/libsystem_m.dylib
0x00000000037dc000 	/usr/lib/system/libsystem_malloc.dylib
0x00000000037dc000 	/usr/lib/system/libsystem_network.dylib
0x00000000037dc000 	/usr/lib/system/libsystem_networkextension.dylib
0x00000000037dc000 	/usr/lib/system/libsystem_notify.dylib
0x00000000037dc000 	/usr/lib/system/libsystem_platform.dylib
0x00000000037dc000 	/usr/lib/system/libsystem_pthread.dylib
0x00000000037dc000 	/usr/lib/system/libsystem_sandbox.dylib
0x00000000037dc000 	/usr/lib/system/libsystem_secinit.dylib
0x00000000037dc000 	/usr/lib/system/libsystem_trace.dylib
0x00000000037dc000 	/usr/lib/system/libunc.dylib
0x00000000037dc000 	/usr/lib/system/libunwind.dylib
0x00000000037dc000 	/usr/lib/system/libxpc.dylib
0x00000000037dc000 	/usr/lib/libenergytrace.dylib
0x00000000037dc000 	/usr/lib/libbsm.0.dylib
0x00000000037dc000 	/usr/lib/system/libkxld.dylib
0x00000000037dc000 	/usr/lib/libxar.1.dylib
0x00000000037dc000 	/usr/lib/libsqlite3.dylib
0x00000000037dc000 	/usr/lib/libpam.2.dylib
0x00000000037dc000 	/usr/lib/libOpenScriptingUtil.dylib
0x00000000037dc000 	/usr/lib/libbz2.1.0.dylib
0x00000000037dc000 	/usr/lib/liblzma.5.dylib
0x00000000037dc000 	/System/Library/Frameworks/CoreServices.framework/Versions/A/Frameworks/FSEvents.framework/Versions/A/FSEvents
0x00000000037dc000 	/System/Library/Frameworks/CoreServices.framework/Versions/A/Frameworks/CarbonCore.framework/Versions/A/CarbonCore
0x00000000037dc000 	/System/Library/Frameworks/CoreServices.framework/Versions/A/Frameworks/Metadata.framework/Versions/A/Metadata
0x00000000037dc000 	/System/Library/Frameworks/CoreServices.framework/Versions/A/Frameworks/OSServices.framework/Versions/A/OSServices
0x00000000037dc000 	/System/Library/Frameworks/CoreServices.framework/Versions/A/Frameworks/SearchKit.framework/Versions/A/SearchKit
0x00000000037dc000 	/System/Library/Frameworks/CoreServices.framework/Versions/A/Frameworks/AE.framework/Versions/A/AE
0x00000000037dc000 	/System/Library/Frameworks/CoreServices.framework/Versions/A/Frameworks/LaunchServices.framework/Versions/A/LaunchServices
0x00000000037dc000 	/System/Library/Frameworks/CoreServices.framework/Versions/A/Frameworks/DictionaryServices.framework/Versions/A/DictionaryServices
0x00000000037dc000 	/System/Library/Frameworks/CoreServices.framework/Versions/A/Frameworks/SharedFileList.framework/Versions/A/SharedFileList
0x00000000037dc000 	/System/Library/Frameworks/NetFS.framework/Versions/A/NetFS
0x00000000037dc000 	/System/Library/PrivateFrameworks/NetAuth.framework/Versions/A/NetAuth
0x00000000037dc000 	/System/Library/PrivateFrameworks/login.framework/Versions/A/Frameworks/loginsupport.framework/Versions/A/loginsupport
0x00000000037dc000 	/System/Library/PrivateFrameworks/TCC.framework/Versions/A/TCC
0x00000000037dc000 	/usr/lib/libmecabra.dylib
0x00000000037dc000 	/System/Library/Frameworks/ApplicationServices.framework/Versions/A/Frameworks/ATS.framework/Versions/A/ATS
0x00000000037dc000 	/System/Library/Frameworks/ApplicationServices.framework/Versions/A/Frameworks/ColorSync.framework/Versions/A/ColorSync
0x00000000037dc000 	/System/Library/Frameworks/ApplicationServices.framework/Versions/A/Frameworks/HIServices.framework/Versions/A/HIServices
0x00000000037dc000 	/System/Library/Frameworks/ApplicationServices.framework/Versions/A/Frameworks/LangAnalysis.framework/Versions/A/LangAnalysis
0x00000000037dc000 	/System/Library/Frameworks/ApplicationServices.framework/Versions/A/Frameworks/PrintCore.framework/Versions/A/PrintCore
0x00000000037dc000 	/System/Library/Frameworks/ApplicationServices.framework/Versions/A/Frameworks/QD.framework/Versions/A/QD
0x00000000037dc000 	/System/Library/Frameworks/ApplicationServices.framework/Versions/A/Frameworks/SpeechSynthesis.framework/Versions/A/SpeechSynthesis
0x00000000037dc000 	/System/Library/Frameworks/Metal.framework/Versions/A/Metal
0x00000000037dc000 	/System/Library/Frameworks/Accelerate.framework/Versions/A/Frameworks/vImage.framework/Versions/A/vImage
0x00000000037dc000 	/System/Library/Frameworks/Accelerate.framework/Versions/A/Frameworks/vecLib.framework/Versions/A/vecLib
0x00000000037dc000 	/System/Library/Frameworks/Accelerate.framework/Versions/A/Frameworks/vecLib.framework/Versions/A/libvDSP.dylib
0x00000000037dc000 	/System/Library/Frameworks/Accelerate.framework/Versions/A/Frameworks/vecLib.framework/Versions/A/libvMisc.dylib
0x00000000037dc000 	/System/Library/Frameworks/Accelerate.framework/Versions/A/Frameworks/vecLib.framework/Versions/A/libLAPACK.dylib
0x00000000037dc000 	/System/Library/Frameworks/Accelerate.framework/Versions/A/Frameworks/vecLib.framework/Versions/A/libBLAS.dylib
0x00000000037dc000 	/System/Library/Frameworks/Accelerate.framework/Versions/A/Frameworks/vecLib.framework/Versions/A/libLinearAlgebra.dylib
0x00000000037dc000 	/System/Library/Frameworks/Accelerate.framework/Versions/A/Frameworks/vecLib.framework/Versions/A/libSparseBLAS.dylib
0x00000000037dc000 	/System/Library/PrivateFrameworks/GPUCompiler.framework/libmetal_timestamp.dylib
0x00000000037dc000 	/System/Library/Frameworks/OpenGL.framework/Versions/A/Libraries/libCoreFSCache.dylib
0x00000000037dc000 	/System/Library/PrivateFrameworks/IOAccelerator.framework/Versions/A/IOAccelerator
0x00000000037dc000 	/System/Library/Frameworks/ApplicationServices.framework/Versions/A/Frameworks/ATS.framework/Versions/A/Resources/libFontParser.dylib
0x00000000037dc000 	/System/Library/Frameworks/ApplicationServices.framework/Versions/A/Frameworks/ATS.framework/Versions/A/Resources/libFontRegistry.dylib
0x00000000037dc000 	/System/Library/PrivateFrameworks/AppleVPA.framework/Versions/A/AppleVPA
0x00000000037dc000 	/System/Library/PrivateFrameworks/AppleJPEG.framework/Versions/A/AppleJPEG
0x00000000037dc000 	/System/Library/Frameworks/ImageIO.framework/Versions/A/Resources/libJPEG.dylib
0x00000000037dc000 	/System/Library/Frameworks/ImageIO.framework/Versions/A/Resources/libTIFF.dylib
0x00000000037dc000 	/System/Library/Frameworks/ImageIO.framework/Versions/A/Resources/libPng.dylib
0x00000000037dc000 	/System/Library/Frameworks/ImageIO.framework/Versions/A/Resources/libGIF.dylib
0x00000000037dc000 	/System/Library/Frameworks/ImageIO.framework/Versions/A/Resources/libJP2.dylib
0x00000000037dc000 	/System/Library/Frameworks/ImageIO.framework/Versions/A/Resources/libRadiance.dylib
0x00000000037dc000 	/System/Library/Frameworks/CoreVideo.framework/Versions/A/CoreVideo
0x00000000037dc000 	/System/Library/Frameworks/OpenGL.framework/Versions/A/Libraries/libGLU.dylib
0x00000000037dc000 	/System/Library/Frameworks/OpenGL.framework/Versions/A/Libraries/libGFXShared.dylib
0x00000000037dc000 	/System/Library/Frameworks/OpenGL.framework/Versions/A/Libraries/libGL.dylib
0x00000000037dc000 	/System/Library/Frameworks/OpenGL.framework/Versions/A/Libraries/libGLImage.dylib
0x00000000037dc000 	/System/Library/Frameworks/OpenGL.framework/Versions/A/Libraries/libCVMSPluginSupport.dylib
0x00000000037dc000 	/System/Library/Frameworks/OpenGL.framework/Versions/A/Libraries/libCoreVMClient.dylib
0x00000000037dc000 	/usr/lib/libcups.2.dylib
0x00000000037dc000 	/System/Library/Frameworks/Kerberos.framework/Versions/A/Kerberos
0x00000000037dc000 	/System/Library/Frameworks/GSS.framework/Versions/A/GSS
0x00000000037dc000 	/usr/lib/libresolv.9.dylib
0x00000000037dc000 	/usr/lib/libiconv.2.dylib
0x00000000037dc000 	/System/Library/PrivateFrameworks/Heimdal.framework/Versions/A/Heimdal
0x00000000037dc000 	/usr/lib/libheimdal-asn1.dylib
0x00000000037dc000 	/System/Library/Frameworks/OpenDirectory.framework/Versions/A/OpenDirectory
0x00000000037dc000 	/System/Library/PrivateFrameworks/CommonAuth.framework/Versions/A/CommonAuth
0x00000000037dc000 	/System/Library/Frameworks/OpenDirectory.framework/Versions/A/Frameworks/CFOpenDirectory.framework/Versions/A/CFOpenDirectory
0x00000000037dc000 	/System/Library/Frameworks/SecurityFoundation.framework/Versions/A/SecurityFoundation
0x00000000037dc000 	/System/Library/PrivateFrameworks/LanguageModeling.framework/Versions/A/LanguageModeling
0x00000000037dc000 	/usr/lib/libmarisa.dylib
0x00000000037dc000 	/usr/lib/libChineseTokenizer.dylib
0x00000000037dc000 	/usr/lib/libcmph.dylib
0x00000000037dc000 	/usr/lib/libcompression.dylib
0x00000000037dc000 	/System/Library/Frameworks/ServiceManagement.framework/Versions/A/ServiceManagement
0x00000000037dc000 	/usr/lib/libxslt.1.dylib
0x00000000037dc000 	/System/Library/Frameworks/Carbon.framework/Versions/A/Frameworks/Ink.framework/Versions/A/Ink
0x00000000037dc000 	/usr/lib/libFosl_dynamic.dylib
0x00000000037dc000 	/System/Library/PrivateFrameworks/FaceCore.framework/Versions/A/FaceCore
0x00000000037dc000 	/System/Library/Frameworks/OpenCL.framework/Versions/A/OpenCL
0x00000000037dc000 	/System/Library/PrivateFrameworks/CrashReporterSupport.framework/Versions/A/CrashReporterSupport
0x00000000037dc000 	/System/Library/PrivateFrameworks/IconServices.framework/Versions/A/IconServices
0x00000000037dc000 	/System/Library/PrivateFrameworks/Apple80211.framework/Versions/A/Apple80211
0x00000000037dc000 	/System/Library/Frameworks/CoreWLAN.framework/Versions/A/CoreWLAN
0x00000000037dc000 	/System/Library/Frameworks/IOBluetooth.framework/Versions/A/IOBluetooth
0x00000000037dc000 	/System/Library/PrivateFrameworks/CoreWiFi.framework/Versions/A/CoreWiFi
0x00000000037dc000 	/System/Library/Frameworks/CoreBluetooth.framework/Versions/A/CoreBluetooth
0x00000000037dc000 	/System/Library/PrivateFrameworks/ChunkingLibrary.framework/Versions/A/ChunkingLibrary
0x00000000037dc000 	/System/Library/PrivateFrameworks/DebugSymbols.framework/Versions/A/DebugSymbols
0x00000000037dc000 	/System/Library/PrivateFrameworks/CoreSymbolication.framework/Versions/A/CoreSymbolication
0x00000000037dc000 	/System/Library/PrivateFrameworks/Symbolication.framework/Versions/A/Symbolication
0x00000000037dc000 	/System/Library/PrivateFrameworks/SpeechRecognitionCore.framework/Versions/A/SpeechRecognitionCore
0x0000000108a08000 	/Library/Java/JavaVirtualMachines/jdk1.8.0_91.jdk/Contents/Home/jre/lib/server/libjvm.dylib
0x00000000037dc000 	/usr/lib/libstdc++.6.dylib
0x000000010999c000 	/Library/Java/JavaVirtualMachines/jdk1.8.0_91.jdk/Contents/Home/jre/lib/libverify.dylib
0x00000001099aa000 	/Library/Java/JavaVirtualMachines/jdk1.8.0_91.jdk/Contents/Home/jre/lib/libjava.dylib
0x00000001099e0000 	/Library/Java/JavaVirtualMachines/jdk1.8.0_91.jdk/Contents/Home/jre/lib/libjdwp.dylib
0x0000000109a2b000 	/Library/Java/JavaVirtualMachines/jdk1.8.0_91.jdk/Contents/Home/jre/lib/libnpt.dylib
0x0000000109a38000 	/Library/Java/JavaVirtualMachines/jdk1.8.0_91.jdk/Contents/Home/jre/lib/libzip.dylib
0x000000011fbb0000 	/System/Library/Frameworks/JavaVM.framework/Frameworks/JavaRuntimeSupport.framework/JavaRuntimeSupport
0x000000011fbcb000 	/System/Library/Frameworks/JavaVM.framework/Versions/A/Frameworks/JavaNativeFoundation.framework/Versions/A/JavaNativeFoundation
0x000000011fbe0000 	/System/Library/Frameworks/JavaVM.framework/Versions/A/JavaVM
0x00000000037dc000 	/System/Library/Frameworks/Carbon.framework/Versions/A/Carbon
0x000000011fbed000 	/System/Library/PrivateFrameworks/JavaLaunching.framework/Versions/A/JavaLaunching
0x00000000037dc000 	/System/Library/Frameworks/Carbon.framework/Versions/A/Frameworks/CommonPanels.framework/Versions/A/CommonPanels
0x00000000037dc000 	/System/Library/Frameworks/Carbon.framework/Versions/A/Frameworks/Help.framework/Versions/A/Help
0x00000000037dc000 	/System/Library/Frameworks/Carbon.framework/Versions/A/Frameworks/ImageCapture.framework/Versions/A/ImageCapture
0x00000000037dc000 	/System/Library/Frameworks/Carbon.framework/Versions/A/Frameworks/OpenScripting.framework/Versions/A/OpenScripting
0x00000000037dc000 	/System/Library/Frameworks/Carbon.framework/Versions/A/Frameworks/Print.framework/Versions/A/Print
0x00000000037dc000 	/System/Library/Frameworks/Carbon.framework/Versions/A/Frameworks/SecurityHI.framework/Versions/A/SecurityHI
0x000000012150b000 	/Library/Java/JavaVirtualMachines/jdk1.8.0_91.jdk/Contents/Home/jre/lib/libdt_socket.dylib

VM Arguments:
jvm_args: -agentlib:jdwp=transport=dt_socket,suspend=y,address=localhost:56264 -Dfile.encoding=UTF-8 
java_command: project4.Main
java_class_path (initial): /Users/zainmodi/Desktop/Crit/CritterSimulator/src
Launcher Type: SUN_STANDARD

Environment Variables:
PATH=/usr/bin:/bin:/usr/sbin:/sbin
SHELL=/bin/bash

Signal Handlers:
SIGSEGV: [libjvm.dylib+0x5a97a1], sa_mask[0]=11111111011111110111111111111111, sa_flags=SA_ONSTACK|SA_RESTART|SA_SIGINFO
SIGBUS: [libjvm.dylib+0x5a97a1], sa_mask[0]=11111111011111110111111111111111, sa_flags=SA_RESTART|SA_SIGINFO
SIGFPE: [libjvm.dylib+0x482594], sa_mask[0]=11111111011111110111111111111111, sa_flags=SA_RESTART|SA_SIGINFO
SIGPIPE: [libjvm.dylib+0x482594], sa_mask[0]=11111111011111110111111111111111, sa_flags=SA_RESTART|SA_SIGINFO
SIGXFSZ: [libjvm.dylib+0x482594], sa_mask[0]=11111111011111110111111111111111, sa_flags=SA_RESTART|SA_SIGINFO
SIGILL: [libjvm.dylib+0x482594], sa_mask[0]=11111111011111110111111111111111, sa_flags=SA_RESTART|SA_SIGINFO
SIGUSR1: SIG_DFL, sa_mask[0]=00000000000000000000000000000000, sa_flags=none
SIGUSR2: [libjvm.dylib+0x4820b2], sa_mask[0]=00100000000000000000000000000000, sa_flags=SA_RESTART|SA_SIGINFO
SIGHUP: [libjvm.dylib+0x480689], sa_mask[0]=11111111011111110111111111111111, sa_flags=SA_RESTART|SA_SIGINFO
SIGINT: [libjvm.dylib+0x480689], sa_mask[0]=11111111011111110111111111111111, sa_flags=SA_RESTART|SA_SIGINFO
SIGTERM: [libjvm.dylib+0x480689], sa_mask[0]=11111111011111110111111111111111, sa_flags=SA_RESTART|SA_SIGINFO
SIGQUIT: [libjvm.dylib+0x480689], sa_mask[0]=11111111011111110111111111111111, sa_flags=SA_RESTART|SA_SIGINFO


---------------  S Y S T E M  ---------------

OS:Bsduname:Darwin 15.4.0 Darwin Kernel Version 15.4.0: Fri Feb 26 22:08:05 PST 2016; root:xnu-3248.40.184~3/RELEASE_X86_64 x86_64
rlimit: STACK 8192k, CORE 0k, NPROC 709, NOFILE 10240, AS infinity
load average:5.41 4.93 5.09

CPU:total 4 (2 cores per cpu, 2 threads per core) family 6 model 61 stepping 4, cmov, cx8, fxsr, mmx, sse, sse2, sse3, ssse3, sse4.1, sse4.2, popcnt, avx, avx2, aes, clmul, erms, 3dnowpref, lzcnt, ht, tsc, tscinvbit, bmi1, bmi2, adx

Memory: 4k page, physical 8388608k(47204k free)

/proc/meminfo:


vm_info: Java HotSpot(TM) 64-Bit Server VM (25.91-b14) for bsd-amd64 JRE (1.8.0_91-b14), built on Apr  1 2016 01:03:00 by "java_re" with gcc 4.2.1 (Based on Apple Inc. build 5658) (LLVM build 2336.11.00)

time: Fri Jul 22 14:57:25 2016
elapsed time: 4644 seconds (0d 1h 17m 24s)

